<?xml version="1.0" encoding="UTF-8"?>
<!-- Generated by org.testng.reporters.JUnitReportReporter -->
<testsuite skipped="0" hostname="DESKTOP-N639G6C" name="TestCases.SwitchLanguageCase" tests="1" failures="0" timestamp="2020-04-01T17:33:47 IST" time="83.985" errors="0">
  <testcase name="SwichLanguage" time="83.985" classname="TestCases.SwitchLanguageCase"/>
  <system-out>
Click on the Profile dropdown tab. Dropdown List is available on page. Get the language is selected on user profile. English language is selected on user profile. Select the Japanease Language. Click on the Profile dropdown tab. Dropdown List is available on page. Japanease language is selected on user profile. Select the English Language.  </system-out>
</testsuite> <!-- TestCases.SwitchLanguageCase -->
