<?xml version="1.0" encoding="UTF-8"?>
<!-- Generated by org.testng.reporters.JUnitReportReporter -->
<testsuite skipped="0" hostname="DESKTOP-N639G6C" name="TestCases.AccessClientInformationCase" tests="1" failures="0" timestamp="2020-04-01T17:33:47 IST" time="53.711" errors="0">
  <testcase name="SwichLanguage" time="53.711" classname="TestCases.AccessClientInformationCase"/>
  <system-out>
Click on the Profile dropdown tab. Dropdown List is available on page. Click on the Client tab in profile. Get the Client Name nn client information tab. Verify the Client Name is available on information tab. We are getting client information on information tab and client name is: Empirix_QA_Training Logout the profile.  </system-out>
</testsuite> <!-- TestCases.AccessClientInformationCase -->
