<?xml version="1.0" encoding="UTF-8"?>
<!-- Generated by org.testng.reporters.JUnitReportReporter -->
<testsuite skipped="0" hostname="DESKTOP-N639G6C" name="TestCases.DoLoginCase" tests="1" failures="0" timestamp="2020-04-01T17:33:47 IST" time="25.603" errors="0">
  <testcase name="Login" time="25.603" classname="TestCases.DoLoginCase"/>
  <system-out>
Enter the Username. Enter the Password. Click on the Sign In button.  </system-out>
</testsuite> <!-- TestCases.DoLoginCase -->
