<?xml version="1.0" encoding="UTF-8"?>
<!-- Generated by org.testng.reporters.JUnitReportReporter -->
<testsuite skipped="0" hostname="DESKTOP-N639G6C" name="TestCases.RequiredTabAccessCase" tests="1" failures="0" timestamp="2020-04-01T17:33:47 IST" time="32.887" errors="0">
  <testcase name="SwichLanguage" time="32.887" classname="TestCases.RequiredTabAccessCase"/>
  <system-out>
Click on the Dasboard Tab. Verify the URL of Dashboard Tab. Dasboard Tab is accessible. Click on the Alerts Tab. Verify the URL of Alerts Tab. Alerts Tab is accessible. Click on the Tests Tab. Verify the URL of Tests Tab. Tests Tab is accessible. Click on the Variables Tab. Verify the URL of Variables Tab. Variables Tab is accessible. Click on the Notifications Tab. Verify the URL of Notifications Tab. Notifications Tab is accessible.  </system-out>
</testsuite> <!-- TestCases.RequiredTabAccessCase -->
